[Message:   BepInEx] BepInEx 5.4.21.0 - Lethal Company (12/10/2023 12:57:21 AM)
[Info   :   BepInEx] Running under Unity v2022.3.9.15351836
[Info   :   BepInEx] CLR runtime version: 4.0.30319.42000
[Info   :   BepInEx] Supports SRE: True
[Info   :   BepInEx] System platform: Bits64, Windows
[Message:   BepInEx] Preloader started
[Info   :   BepInEx] Loaded 1 patcher method from [BepInEx.Preloader 5.4.21.0]
[Info   :   BepInEx] Loaded 1 patcher method from [BepInEx.MonoMod.HookGenPatcher 1.2.1.0]
[Info   :   BepInEx] 2 patcher plugins loaded
[Info   :HookGenPatcher] Previous MMHOOK location found. Using that location to save instead.
[Info   :HookGenPatcher] Already ran for this version, reusing that file.
[Info   :HookGenPatcher] Previous MMHOOK location found. Using that location to save instead.
[Info   :HookGenPatcher] Already ran for this version, reusing that file.
[Info   :HookGenPatcher] Previous MMHOOK location found. Using that location to save instead.
[Info   :HookGenPatcher] Already ran for this version, reusing that file.
[Info   :HookGenPatcher] Previous MMHOOK location found. Using that location to save instead.
[Info   :HookGenPatcher] Already ran for this version, reusing that file.
[Info   :HookGenPatcher] Previous MMHOOK location found. Using that location to save instead.
[Info   :HookGenPatcher] Already ran for this version, reusing that file.
[Info   :HookGenPatcher] Previous MMHOOK location found. Using that location to save instead.
[Info   :HookGenPatcher] Already ran for this version, reusing that file.
[Info   :   BepInEx] Patching [UnityEngine.CoreModule] with [BepInEx.Chainloader]
[Message:   BepInEx] Preloader finished
[Message:   BepInEx] Chainloader ready
[Message:   BepInEx] Chainloader started
[Info   :   BepInEx] 44 plugins to load
[Warning:   BepInEx] Plugin [BetterSpec 1.0.7] targets a wrong version of BepInEx (5.4.22.0) and might not work until you update
[Warning:   BepInEx] Plugin [Custom Boombox Music 1.4.0] targets a wrong version of BepInEx (5.4.22.0) and might not work until you update
[Warning:   BepInEx] Plugin [DiscountAlert 1.0.0.0] targets a wrong version of BepInEx (5.4.22.0) and might not work until you update
[Warning:   BepInEx] Plugin [Late Company 1.0.4] targets a wrong version of BepInEx (5.4.22.0) and might not work until you update
[Warning:   BepInEx] Plugin [LetMeLookDown 1.0.1] targets a wrong version of BepInEx (5.4.22.0) and might not work until you update
[Warning:   BepInEx] Plugin [Suit Saver 1.1.2] targets a wrong version of BepInEx (5.4.22.0) and might not work until you update
[Info   :   BepInEx] Loading [Quota Rollover 2.1.0]
[Info   :Quota Rollover] Mod Boxofbiscuits97.QuotraRollover is loaded!
[Info   :   BepInEx] Loading [Diversity 1.1.5]
[Info   : Diversity] Loaded asset bundle!
[Info   : Diversity] Diversity started.
[Info   :   BepInEx] Loading [Coroner 1.5.3]
[Info   :   Coroner] Injecting patch into Landmine.SpawnExplosion...
[Info   :   Coroner] Done.
[Info   :   Coroner] Plugin Coroner (com.elitemastereric.coroner) is loaded!
[Info   :   Coroner] Coroner Language Support: en
[Error  :   Coroner] Coroner Error loading language data: Could not find file "F:\Lethal Company\BepInEx\plugins\Strings_en.xml"
[Error  :   Coroner]   at System.IO.FileStream..ctor (System.String path, System.IO.FileMode mode, System.IO.FileAccess access, System.IO.FileShare share, System.Int32 bufferSize, System.Boolean anonymous, System.IO.FileOptions options) [0x0019e] in <787acc3c9a4c471ba7d971300105af24>:0 
  at System.IO.FileStream..ctor (System.String path, System.IO.FileMode mode, System.IO.FileAccess access, System.IO.FileShare share, System.Int32 bufferSize) [0x00000] in <787acc3c9a4c471ba7d971300105af24>:0 
  at (wrapper remoting-invoke-with-check) System.IO.FileStream..ctor(string,System.IO.FileMode,System.IO.FileAccess,System.IO.FileShare,int)
  at System.Xml.XmlDownloadManager.GetStream (System.Uri uri, System.Net.ICredentials credentials, System.Net.IWebProxy proxy, System.Net.Cache.RequestCachePolicy cachePolicy) [0x00018] in <99be1edf0aaf49b797a5a1f18675668a>:0 
  at System.Xml.XmlUrlResolver.GetEntity (System.Uri absoluteUri, System.String role, System.Type ofObjectToReturn) [0x00032] in <99be1edf0aaf49b797a5a1f18675668a>:0 
  at System.Xml.XmlTextReaderImpl.FinishInitUriString () [0x0004c] in <99be1edf0aaf49b797a5a1f18675668a>:0 
  at System.Xml.XmlTextReaderImpl..ctor (System.String uriStr, System.Xml.XmlReaderSettings settings, System.Xml.XmlParserContext context, System.Xml.XmlResolver uriResolver) [0x000c7] in <99be1edf0aaf49b797a5a1f18675668a>:0 
  at System.Xml.XmlReaderSettings.CreateReader (System.String inputUri, System.Xml.XmlParserContext inputContext) [0x0003b] in <99be1edf0aaf49b797a5a1f18675668a>:0 
  at System.Xml.XmlReader.Create (System.String inputUri, System.Xml.XmlReaderSettings settings, System.Xml.XmlParserContext inputContext) [0x0000a] in <99be1edf0aaf49b797a5a1f18675668a>:0 
  at System.Xml.XmlReader.Create (System.String inputUri, System.Xml.XmlReaderSettings settings) [0x00000] in <99be1edf0aaf49b797a5a1f18675668a>:0 
  at System.Xml.Linq.XDocument.Load (System.String uri, System.Xml.Linq.LoadOptions options) [0x00007] in <866126d0564044359f4fb39a71e0f67b>:0 
  at System.Xml.Linq.XDocument.Load (System.String uri) [0x00000] in <866126d0564044359f4fb39a71e0f67b>:0 
  at Coroner.LanguageHandler.LoadLanguageData (System.String languageCode) [0x00017] in <80a59e81c2564592805f30fcb397da76>:0 
[Info   :   Coroner] Checking for LC_API...
[Info   :   Coroner] LCAPI is not present.
[Info   :   Coroner] LC_API is not present! Skipping registration...
[Info   :   BepInEx] Loading [ShipLoot 1.0]
[Info   :   BepInEx] Loading [LethalLib 0.9.0]
[Info   : LethalLib] LethalLib loaded!!
[Info   :   BepInEx] Loading [More Ship Upgrades 2.8.0]
[Debug  :More Ship Upgrades] [AssetBundleHandler] Loaded asset located in Assets/ShipUpgrades/LGUStore.prefab
[Debug  :More Ship Upgrades] [AssetBundleHandler] Loaded asset located in Assets/ShipUpgrades/IntroScreen.prefab
[Debug  :More Ship Upgrades] [AssetBundleHandler] Loaded asset located in Assets/ShipUpgrades/break.mp3
[Debug  :More Ship Upgrades] [AssetBundleHandler] Loaded asset located in Assets/ShipUpgrades/error.mp3
[Debug  :More Ship Upgrades] [AssetBundleHandler] Loaded asset located in Assets/ShipUpgrades/ButtonPress2.ogg
[Debug  :More Ship Upgrades] [AssetBundleHandler] Loaded asset located in Assets/ShipUpgrades/TpButton.asset
[Debug  :More Ship Upgrades] [AssetBundleHandler] Loaded asset located in Assets/ShipUpgrades/TpButtonAdv.asset
[Debug  :More Ship Upgrades] [AssetBundleHandler] Loaded asset located in Assets/ShipUpgrades/NightVisionItem.asset
[Debug  :More Ship Upgrades] [AssetBundleHandler] Loaded asset located in Assets/ShipUpgrades/MedKitItem.asset
[Debug  :More Ship Upgrades] [AssetBundleHandler] Loaded asset located in Assets/ShipUpgrades/coilHead.asset
[Debug  :More Ship Upgrades] [AssetBundleHandler] Loaded asset located in Assets/ShipUpgrades/Samples/SnareFleaSample.asset
[Debug  :More Ship Upgrades] [AssetBundleHandler] Loaded asset located in Assets/ShipUpgrades/Samples/BunkerSpiderSample.asset
[Debug  :More Ship Upgrades] [AssetBundleHandler] Loaded asset located in Assets/ShipUpgrades/Samples/HoardingBugSample.asset
[Debug  :More Ship Upgrades] [AssetBundleHandler] Loaded asset located in Assets/ShipUpgrades/Samples/BrackenSample.asset
[Debug  :More Ship Upgrades] [AssetBundleHandler] Loaded asset located in Assets/ShipUpgrades/Samples/EyelessDogSample.asset
[Debug  :More Ship Upgrades] [AssetBundleHandler] Loaded asset located in Assets/ShipUpgrades/Samples/BaboonHawkSample.asset
[Debug  :More Ship Upgrades] [AssetBundleHandler] Loaded asset located in Assets/ShipUpgrades/Samples/ThumperSample.asset
[Debug  :More Ship Upgrades] [AssetBundleHandler] Loaded asset located in Assets/ShipUpgrades/DivingKitItem.asset
[Debug  :More Ship Upgrades] [AssetBundleHandler] Loaded asset located in Assets/ShipUpgrades/beekeeper.prefab
[Debug  :More Ship Upgrades] [AssetBundleHandler] Loaded asset located in Assets/ShipUpgrades/ProteinPowder.prefab
[Debug  :More Ship Upgrades] [AssetBundleHandler] Loaded asset located in Assets/ShipUpgrades/BiggerLungs.prefab
[Debug  :More Ship Upgrades] [AssetBundleHandler] Loaded asset located in Assets/ShipUpgrades/runningShoes.prefab
[Debug  :More Ship Upgrades] [AssetBundleHandler] Loaded asset located in Assets/ShipUpgrades/strongLegs.prefab
[Debug  :More Ship Upgrades] [AssetBundleHandler] Loaded asset located in Assets/ShipUpgrades/destructiveCodes.prefab
[Debug  :More Ship Upgrades] [AssetBundleHandler] Loaded asset located in Assets/ShipUpgrades/nightVision.prefab
[Debug  :More Ship Upgrades] [AssetBundleHandler] Loaded asset located in Assets/ShipUpgrades/flashbangsfx.ogg
[Debug  :More Ship Upgrades] [AssetBundleHandler] Loaded asset located in Assets/ShipUpgrades/terminalFlash.prefab
[Debug  :More Ship Upgrades] [AssetBundleHandler] Loaded asset located in Assets/ShipUpgrades/strongScanner.prefab
[Debug  :More Ship Upgrades] [AssetBundleHandler] Loaded asset located in Assets/ShipUpgrades/walkieUpgrade.prefab
[Debug  :More Ship Upgrades] [AssetBundleHandler] Loaded asset located in Assets/ShipUpgrades/exoskeleton.prefab
[Debug  :More Ship Upgrades] [AssetBundleHandler] Loaded asset located in Assets/ShipUpgrades/Intern.prefab
[Debug  :More Ship Upgrades] [AssetBundleHandler] Loaded asset located in Assets/ShipUpgrades/Pager.prefab
[Debug  :More Ship Upgrades] [AssetBundleHandler] Loaded asset located in Assets/ShipUpgrades/LightningRod.prefab
[Debug  :More Ship Upgrades] [AssetBundleHandler] Loaded asset located in Assets/ShipUpgrades/LockSmith.prefab
[Debug  :More Ship Upgrades] [AssetBundleHandler] Loaded asset located in Assets/ShipUpgrades/PlayerHealth.prefab
[Debug  :More Ship Upgrades] [AssetBundleHandler] Loaded asset located in Assets/ShipUpgrades/Hunter.prefab
[Debug  :More Ship Upgrades] LGU has been patched
[Info   :   BepInEx] Loading [Lethal Company Input Utils 0.4.3]
[Warning:  HarmonyX] AccessTools.DeclaredMethod: Could not find method for type KepRemapPanel and name LoadKeybindsUI and parameters 
[Info   :   BepInEx] Loading [Cozy Improvements 1.0.1]
[Info   :Cozy Improvements] Plugin Cozy Improvements - com.spycibot.cozyimprovements - 1.0.1 is loaded!
[Info   :   BepInEx] Loading [Custom Boombox Music 1.4.0]
[Info   :Custom Boombox Music] Loading...
[Info   :Custom Boombox Music] Created directory at F:\Lethal Company\BepInEx\Custom Songs\Boombox Music
[Info   :Custom Boombox Music] Initializing config...
[Info   :Custom Boombox Music] Config initialized!
[Info   :Custom Boombox Music] Loading Complete!
[Info   :   BepInEx] Loading [LethalSettings 1.2.2]
[Info   :   BepInEx] Loading [LbToKg 1.0.0]
[Info   :   BepInEx] Loading [CritHits 1.0.1]
[Info   :  CritHits] Plugin CritHits (1.0.1) is loaded!
[Info   :   BepInEx] Loading [DiscountAlert 1.0.0.0]
[Info   :DiscountAlert] Plugin discount.alert is loaded!
[Info   :   BepInEx] Loading [BetterStamina 1.3.2]
[Info   :BetterStamina] BindingConfigs
[Info   :BetterStamina] BetterStamina loaded
[Info   :   BepInEx] Loading [FasterItemDropship 1.2.0]
[Info   :FasterItemDropship] BindingConfigs
[Info   :FasterItemDropship] FasterItemDropship loaded
[Info   :   BepInEx] Loading [LetMeLookDown 1.0.1]
[Info   :LetMeLookDown] LetMeLookDown mod loaded
[Info   :   BepInEx] Loading [ReservedItemSlotCore 1.7.3]
[Info   :ReservedItemSlotCore] BindingConfigs
[Info   :ReservedItemSlotCore] Cleaning old config entries
[Info   :ReservedItemSlotCore] ReservedItemSlotCore loaded
[Info   :   BepInEx] Loading [ReservedFlashlightSlot 1.5.3]
[Info   :ReservedFlashlightSlot] BindingConfigs
[Info   :ReservedFlashlightSlot] Cleaning old config entries
[Info   :ReservedFlashlightSlot] ReservedFlashlightSlot loaded
[Info   :   BepInEx] Loading [ReservedWalkieSlot 1.5.1]
[Info   :ReservedWalkieSlot] BindingConfigs
[Info   :ReservedWalkieSlot] Cleaning old config entries
[Info   :ReservedWalkieSlot] ReservedWalkieSlot loaded
[Info   :   BepInEx] Loading [TooManyEmotes 1.5.10]
[Info   :TooManyEmotes] BindingConfigs
[Info   :TooManyEmotes] Cleaning old config entries
[Info   :TooManyEmotes] Successfully loaded 11 animation clips from asset bundle: Assets/emotes_complementary
[Info   :TooManyEmotes] Successfully loaded 43 animation clips from asset bundle: Assets/emotes_0
[Info   :TooManyEmotes] Successfully loaded 35 animation clips from asset bundle: Assets/emotes_1
[Info   :TooManyEmotes] Successfully loaded 27 animation clips from asset bundle: Assets/emotes_2
[Info   :TooManyEmotes] Successfully loaded 1 animation clips from asset bundle: Assets/emotes_3
[Info   :TooManyEmotes] Successfully loaded radial menu asset.
[Info   :TooManyEmotes] TooManyEmotes loaded
[Info   :   BepInEx] Loading [Suit Saver 1.1.2]
[Info   :   BepInEx] Loading [HoldScanButton 1.1.1]
[Info   :HoldScanButton] Plugin HoldScanButton has loaded!
[Info   :   BepInEx] Loading [KeyRing 1.0.0.0]
[Info   :ic23.KeyRing] [KeyRing] Mod is loaded!
[Info   :   BepInEx] Loading [IntroTweaks 1.2.2]
[Info   :IntroTweaks] Plugin loaded.
[Info   :   BepInEx] Loading [LethalAPI.TerminalCommands 1.1.0]
[Info   :LethalAPI.TerminalCommands] LethalAPI.TerminalCommands is loading...
[Info   :LethalAPI.TerminalCommands] Installing patches
[Info   :LethalAPI.TerminalCommands] Registering built-in Commands
[Info   :LethalAPI.TerminalCommands] Plugin LethalAPI.TerminalCommands is loaded!
[Info   :   BepInEx] Loading [LethalPosters 1.0.0]
[Info   :LethalPosters] Plugin LethalPosters (1.0.0) is loaded!
[Info   :   BepInEx] Loading [Dissonance Lag Fix 1.0]
[Info   :   BepInEx] Loading [Elads HUD 1.1.0]
[Info   : Elads HUD] Plugin Elad's HUD is loaded!
[Info   :   BepInEx] Loading [MoreCompany 1.7.1]
[Info   :MoreCompany] Loading MoreCompany...
[Info   :MoreCompany] Checking: F:\Lethal Company\BepInEx\plugins/MoreCompanyCosmetics
[Info   :MoreCompany] Loaded MoreCompany FULLY
[Info   :MoreCompany] Read settings and cosmetics
[Info   :MoreCompany] Loaded cosmetic: builtin.3dglasses from bundle
[Info   :MoreCompany] Loaded cosmetic: builtin.bunnyears from bundle
[Info   :MoreCompany] Loaded cosmetic: builtin.denimhat from bundle
[Info   :MoreCompany] Loaded cosmetic: builtin.fancyglasses from bundle
[Info   :MoreCompany] Loaded cosmetic: builtin.partyglasses from bundle
[Info   :MoreCompany] Loaded cosmetic: builtin.gunholster from bundle
[Info   :MoreCompany] Loaded cosmetic: builtin.hardhat from bundle
[Info   :MoreCompany] Loaded cosmetic: builtin.jesterhat from bundle
[Info   :MoreCompany] Loaded cosmetic: builtin.kittyears from bundle
[Info   :MoreCompany] Loaded cosmetic: builtin.mimemask from bundle
[Info   :MoreCompany] Loaded cosmetic: builtin.fancypants from bundle
[Info   :MoreCompany] Loaded cosmetic: builtin.outoforder from bundle
[Info   :MoreCompany] Loaded cosmetic: builtin.partyhat from bundle
[Info   :MoreCompany] Loaded cosmetic: builtin.plaguemask from bundle
[Info   :MoreCompany] Loaded cosmetic: builtin.eyeballs from bundle
[Info   :MoreCompany] Loaded cosmetic: builtin.rudolph from bundle
[Info   :MoreCompany] Loaded cosmetic: builtin.santahat from bundle
[Info   :MoreCompany] Loaded cosmetic: builtin.slimething from bundle
[Info   :MoreCompany] Loaded cosmetic: builtin.tophat from bundle
[Info   :MoreCompany] Loaded cosmetic: builtin.watch from bundle
[Info   :MoreCompany] Loading USER COSMETICS...
[Info   :MoreCompany] Loaded cosmetic: JOMBI.ARKYHAT from bundle
[Info   :MoreCompany] Loaded cosmetic: jombi.blackkatana from bundle
[Info   :MoreCompany] Loaded cosmetic: jombi.bmobelt from bundle
[Info   :MoreCompany] Loaded cosmetic: jombi.katanawagashi from bundle
[Info   :MoreCompany] Loaded cosmetic: jombi.finnhead from bundle
[Info   :MoreCompany] Loaded cosmetic: jombi.finnswordscarlet from bundle
[Info   :MoreCompany] Loaded cosmetic:  hgg.naruto.headband.leaf from bundle
[Info   :MoreCompany] Loaded cosmetic:  hgg.naruto.headband.leafrogue from bundle
[Info   :MoreCompany] Loaded cosmetic:  hgg.naruto.headband.rain from bundle
[Info   :MoreCompany] Loaded cosmetic:  hgg.naruto.headband.rainrogue from bundle
[Info   :MoreCompany] Loaded cosmetic:  hgg.naruto.headband.sand from bundle
[Info   :MoreCompany] Loaded cosmetic: jombi.kitty from bundle
[Info   :MoreCompany] Loaded cosmetic: jombi.kuromi from bundle
[Info   :MoreCompany] Loaded cosmetic: jombi.melody from bundle
[Info   :MoreCompany] Loaded cosmetic: jombi.ninjahat from bundle
[Info   :MoreCompany] Loaded cosmetic: jombi.pikaears from bundle
[Info   :MoreCompany] Loaded cosmetic: jombi.pikatail from bundle
[Info   :MoreCompany] Loaded cosmetic: jombi.strawhat from bundle
[Info   :MoreCompany] Loaded cosmetic: jombi.hellokittydress from bundle
[Info   :MoreCompany] Loaded cosmetic: jombi.hellokittyhead from bundle
[Info   :MoreCompany] Loaded cosmetic: jombi.redkatana from bundle
[Info   :MoreCompany] Loaded cosmetic: jombi.russellhat from bundle
[Info   :MoreCompany] Loaded cosmetic: jombi.tealkatana from bundle
[Info   :MoreCompany] Loaded cosmetic:  hgg.naruto.mask.tobi from bundle
[Info   :MoreCompany] Loaded cosmetic: jombi.whitekatana from bundle
[Info   :   BepInEx] Loading [MetalRecharging 1.0.0]
[Info   :MetalRecharging] Plugin MetalRecharging is loaded!
[Info   :   Coroner] Injecting patch into Landmine.SpawnExplosion...
[Info   :   Coroner] Done.
[Info   :   BepInEx] Loading [MoreHead 1.2.1]
[Info   :  MoreHead] MoreHead OK
[Info   :  MoreHead] MoreHead Asset OK
[Info   :  MoreHead] Successfully loaded cosmetic: morehead.yan
[Warning:  MoreHead] fanxiangyanlizi ok.
[Info   :  MoreHead] Successfully loaded cosmetic: morehead.fanxiangyan
[Info   :  MoreHead] Successfully loaded cosmetic: morehead.cathead
[Info   :  MoreHead] Successfully loaded cosmetic: morehead.pighead
[Info   :  MoreHead] Successfully loaded cosmetic: morehead.caomao
[Info   :  MoreHead] Successfully loaded cosmetic: morehead.xiangsuyanjing
[Info   :  MoreHead] Successfully loaded cosmetic: morehead.shuimao
[Info   :  MoreHead] Successfully loaded cosmetic: morehead.xiguatou
[Info   :  MoreHead] Successfully loaded cosmetic: morehead.dallas
[Info   :  MoreHead] Successfully loaded cosmetic: morehead.shoulian
[Info   :  MoreHead] Successfully loaded cosmetic: morehead.biao
[Info   :  MoreHead] Successfully loaded cosmetic: morehead.heiweijin
[Info   :  MoreHead] Successfully loaded cosmetic: morehead.jinshouhuan
[Info   :  MoreHead] Successfully loaded cosmetic: morehead.mianzhao
[Info   :  MoreHead] Successfully loaded cosmetic: morehead.koushuibu
[Info   :  MoreHead] Successfully loaded cosmetic: morehead.kunkuntou
[Info   :  MoreHead] Successfully loaded cosmetic: morehead.yashua
[Info   :  MoreHead] Successfully loaded cosmetic: morehead.yuguaqi
[Info   :   BepInEx] Loading [Jump Delay Patch 0.0.0.1]
[Info   :Jump Delay Patch] Plugin JumpDelayPatch is loaded!
[Info   :   BepInEx] Loading [PersistentPurchases 1.1.1]
[Info   :PersistentPurchases] Beginning patching of GameNetworkManager.ResetSavedGameValues
[Info   :PersistentPurchases] Patched GameNetworkManager.ResetSavedGameValues
[Info   :PersistentPurchases] Plugin PersistentPurchases is loaded!
[Info   :   BepInEx] Loading [Lethal Company GameMaster 1.0.0.0]
[Info   :GameMaster] Loaded GameMaster. Patching.
[Info   :Lethal Company GameMaster] GUILoader loaded.
[Info   :   BepInEx] Loading [Helmet_Cameras 2.1.3]
[Info   :Helmet_Cameras] Plugin Helmet_Cameras is loaded with version 2.1.3!
[Info   :Helmet_Cameras] --------Helmet camera patch done.---------
[Info   :   BepInEx] Loading [Skinwalker Mod 1.0.8]
[Info   :RugbugRedfern.SkinwalkerMod] SKINWALKER MOD STARTING UP 1.0.8
[Info   :RugbugRedfern.SkinwalkerMod] VoiceEnabled_BaboonHawk VALUE LOADED FROM CONFIG: [True]
[Info   :RugbugRedfern.SkinwalkerMod] VoiceEnabled_Bracken VALUE LOADED FROM CONFIG: [True]
[Info   :RugbugRedfern.SkinwalkerMod] VoiceEnabled_BunkerSpider VALUE LOADED FROM CONFIG: [True]
[Info   :RugbugRedfern.SkinwalkerMod] VoiceEnabled_Centipede VALUE LOADED FROM CONFIG: [True]
[Info   :RugbugRedfern.SkinwalkerMod] VoiceEnabled_CoilHead VALUE LOADED FROM CONFIG: [True]
[Info   :RugbugRedfern.SkinwalkerMod] VoiceEnabled_EyelessDog VALUE LOADED FROM CONFIG: [True]
[Info   :RugbugRedfern.SkinwalkerMod] VoiceEnabled_ForestGiant VALUE LOADED FROM CONFIG: [False]
[Info   :RugbugRedfern.SkinwalkerMod] VoiceEnabled_GhostGirl VALUE LOADED FROM CONFIG: [True]
[Info   :RugbugRedfern.SkinwalkerMod] VoiceEnabled_GiantWorm VALUE LOADED FROM CONFIG: [False]
[Info   :RugbugRedfern.SkinwalkerMod] VoiceEnabled_HoardingBug VALUE LOADED FROM CONFIG: [True]
[Info   :RugbugRedfern.SkinwalkerMod] VoiceEnabled_Hygrodere VALUE LOADED FROM CONFIG: [False]
[Info   :RugbugRedfern.SkinwalkerMod] VoiceEnabled_Jester VALUE LOADED FROM CONFIG: [True]
[Info   :RugbugRedfern.SkinwalkerMod] VoiceEnabled_Masked VALUE LOADED FROM CONFIG: [True]
[Info   :RugbugRedfern.SkinwalkerMod] VoiceEnabled_Nutcracker VALUE LOADED FROM CONFIG: [True]
[Info   :RugbugRedfern.SkinwalkerMod] VoiceEnabled_SporeLizard VALUE LOADED FROM CONFIG: [True]
[Info   :RugbugRedfern.SkinwalkerMod] VoiceEnabled_Thumper VALUE LOADED FROM CONFIG: [True]
[Info   :RugbugRedfern.SkinwalkerMod] VoiceLineFrequency VALUE LOADED FROM CONFIG: [1]
[Info   :RugbugRedfern.SkinwalkerMod] Skinwalker Mod Object Initialized
[Info   :   BepInEx] Loading [CompatibilityChecker 1.1.6]
[Info   :CompatibilityChecker] Plugin Ryokune.CompatibilityChecker is loaded!
[Info   :CompatibilityChecker] Modded servers with CompatibilityChecker will now notify you what mods are needed.
[Info   :   BepInEx] Loading [LandminesForAll 1.0.1]
[Info   :LandminesForAll] Plugin sakura.lc.landminesforall is loaded!
[Info   :   BepInEx] Loading [SonicThumper 1.0.1]
[Info   :SonicThumper] SonicThumper: Successfully loaded assets.
[Info   :SonicThumper] SonicThumper: Plugin loaded.
[Info   :   BepInEx] Loading [Late Company 1.0.4]
[Info   :Late Company] Late Company loaded!
[Info   :   BepInEx] Loading [Terminal Extras 1.0.1]
[Info   :   BepInEx] Loading [Mimics 2.3.0]
[Info   :    Mimics] Plugin Mimics is loaded!
[Info   :   BepInEx] Loading [More Suits 1.3.3]
[Info   :More Suits] Plugin More Suits is loaded!
[Info   :   BepInEx] Loading [BetterSpec 1.0.7]
[Info   :zg.BetterSpec] BetterSpec Enabled
[Info   :zg.BetterSpec] Make sure to review BetterSpec
[Message:   BepInEx] Chainloader startup complete
[Debug  :   BepInEx] [UnityInput] Unknown key name: OEM1, skipping remapping
[Debug  :   BepInEx] [UnityInput] Unknown key name: OEM2, skipping remapping
[Debug  :   BepInEx] [UnityInput] Unknown key name: OEM3, skipping remapping
[Debug  :   BepInEx] [UnityInput] Unknown key name: OEM4, skipping remapping
[Debug  :   BepInEx] [UnityInput] Unknown key name: OEM5, skipping remapping
[Debug  :   BepInEx] [UnityInput] Unknown key name: IMESelected, skipping remapping
[Debug  :   BepInEx] [UnityInput] Using NewInputSystem
[Info   :CompatibilityChecker] ThunderstoreAPI Initialized! Got packages: 11918
